[0.857s] DEBUG:colcon:Command line arguments: ['/usr/bin/colcon', 'build', '--packages-select', 'obstacle_avoidance']
[0.857s] DEBUG:colcon:Parsed command line arguments: Namespace(log_base=None, log_level=None, verb_name='build', build_base='build', install_base='install', merge_install=False, symlink_install=False, test_result_base=None, continue_on_error=False, executor='parallel', parallel_workers=16, event_handlers=None, ignore_user_meta=False, metas=['./colcon.meta'], base_paths=['.'], packages_ignore=None, packages_ignore_regex=None, paths=None, packages_up_to=None, packages_up_to_regex=None, packages_above=None, packages_above_and_dependencies=None, packages_above_depth=None, packages_select_by_dep=None, packages_skip_by_dep=None, packages_skip_up_to=None, packages_select_build_failed=False, packages_skip_build_finished=False, packages_select_test_failures=False, packages_skip_test_passed=False, packages_select=['obstacle_avoidance'], packages_skip=None, packages_select_regex=None, packages_skip_regex=None, packages_start=None, packages_end=None, allow_overriding=[], cmake_args=None, cmake_target=None, cmake_target_skip_unavailable=False, cmake_clean_cache=False, cmake_clean_first=False, cmake_force_configure=False, ament_cmake_args=None, catkin_cmake_args=None, catkin_skip_building_tests=False, mixin_files=None, mixin=None, verb_parser=<colcon_mixin.mixin.mixin_argument.MixinArgumentDecorator object at 0x7fdb1bcc0ec0>, verb_extension=<colcon_core.verb.build.BuildVerb object at 0x7fdb1be20b90>, main=<bound method BuildVerb.main of <colcon_core.verb.build.BuildVerb object at 0x7fdb1be20b90>>, mixin_verb=('build',))
[1.120s] Level 1:colcon.colcon_core.package_discovery:discover_packages(colcon_meta) check parameters
[1.120s] Level 1:colcon.colcon_core.package_discovery:discover_packages(recursive) check parameters
[1.121s] Level 1:colcon.colcon_core.package_discovery:discover_packages(ignore) check parameters
[1.121s] Level 1:colcon.colcon_core.package_discovery:discover_packages(path) check parameters
[1.121s] Level 1:colcon.colcon_core.package_discovery:discover_packages(colcon_meta) discover
[1.121s] Level 1:colcon.colcon_core.package_discovery:discover_packages(recursive) discover
[1.121s] INFO:colcon.colcon_core.package_discovery:Crawling recursively for packages in '/home/adamrustom/ros2_ws/src/obstacle_avoidance'
[1.122s] Level 1:colcon.colcon_core.package_identification:_identify(.) by extensions ['ignore', 'ignore_ament_install']
[1.122s] Level 1:colcon.colcon_core.package_identification:_identify(.) by extension 'ignore'
[1.122s] Level 1:colcon.colcon_core.package_identification:_identify(.) by extension 'ignore_ament_install'
[1.123s] Level 1:colcon.colcon_core.package_identification:_identify(.) by extensions ['colcon_pkg']
[1.123s] Level 1:colcon.colcon_core.package_identification:_identify(.) by extension 'colcon_pkg'
[1.123s] Level 1:colcon.colcon_core.package_identification:_identify(.) by extensions ['colcon_meta']
[1.123s] Level 1:colcon.colcon_core.package_identification:_identify(.) by extension 'colcon_meta'
[1.123s] Level 1:colcon.colcon_core.package_identification:_identify(.) by extensions ['ros']
[1.123s] Level 1:colcon.colcon_core.package_identification:_identify(.) by extension 'ros'
[1.242s] DEBUG:colcon.colcon_core.package_identification:Package '.' with type 'ros.ament_python' and name 'obstacle_avoidance'
[1.243s] Level 1:colcon.colcon_core.package_discovery:discover_packages(recursive) using defaults
[1.243s] Level 1:colcon.colcon_core.package_discovery:discover_packages(ignore) discover
[1.243s] Level 1:colcon.colcon_core.package_discovery:discover_packages(ignore) using defaults
[1.243s] Level 1:colcon.colcon_core.package_discovery:discover_packages(path) discover
[1.243s] Level 1:colcon.colcon_core.package_discovery:discover_packages(path) using defaults
[1.344s] Level 1:colcon.colcon_core.package_discovery:discover_packages(prefix_path) check parameters
[1.344s] Level 1:colcon.colcon_core.package_discovery:discover_packages(prefix_path) discover
[1.358s] DEBUG:colcon.colcon_installed_package_information.package_discovery:Found 1 installed packages in /home/adamrustom/ros2_ws/src/obstacle_avoidance/install
[1.366s] DEBUG:colcon.colcon_installed_package_information.package_discovery:Found 284 installed packages in /opt/ros/rolling
[1.368s] Level 1:colcon.colcon_core.package_discovery:discover_packages(prefix_path) using defaults
[1.709s] Level 5:colcon.colcon_core.verb:set package 'obstacle_avoidance' build argument 'cmake_args' from command line to 'None'
[1.709s] Level 5:colcon.colcon_core.verb:set package 'obstacle_avoidance' build argument 'cmake_target' from command line to 'None'
[1.709s] Level 5:colcon.colcon_core.verb:set package 'obstacle_avoidance' build argument 'cmake_target_skip_unavailable' from command line to 'False'
[1.709s] Level 5:colcon.colcon_core.verb:set package 'obstacle_avoidance' build argument 'cmake_clean_cache' from command line to 'False'
[1.709s] Level 5:colcon.colcon_core.verb:set package 'obstacle_avoidance' build argument 'cmake_clean_first' from command line to 'False'
[1.709s] Level 5:colcon.colcon_core.verb:set package 'obstacle_avoidance' build argument 'cmake_force_configure' from command line to 'False'
[1.709s] Level 5:colcon.colcon_core.verb:set package 'obstacle_avoidance' build argument 'ament_cmake_args' from command line to 'None'
[1.709s] Level 5:colcon.colcon_core.verb:set package 'obstacle_avoidance' build argument 'catkin_cmake_args' from command line to 'None'
[1.709s] Level 5:colcon.colcon_core.verb:set package 'obstacle_avoidance' build argument 'catkin_skip_building_tests' from command line to 'False'
[1.709s] DEBUG:colcon.colcon_core.verb:Building package 'obstacle_avoidance' with the following arguments: {'ament_cmake_args': None, 'build_base': '/home/adamrustom/ros2_ws/src/obstacle_avoidance/build/obstacle_avoidance', 'catkin_cmake_args': None, 'catkin_skip_building_tests': False, 'cmake_args': None, 'cmake_clean_cache': False, 'cmake_clean_first': False, 'cmake_force_configure': False, 'cmake_target': None, 'cmake_target_skip_unavailable': False, 'install_base': '/home/adamrustom/ros2_ws/src/obstacle_avoidance/install/obstacle_avoidance', 'merge_install': False, 'path': '/home/adamrustom/ros2_ws/src/obstacle_avoidance', 'symlink_install': False, 'test_result_base': None}
[1.709s] INFO:colcon.colcon_core.executor:Executing jobs using 'parallel' executor
[1.712s] DEBUG:colcon.colcon_parallel_executor.executor.parallel:run_until_complete
[1.713s] INFO:colcon.colcon_ros.task.ament_python.build:Building ROS package in '/home/adamrustom/ros2_ws/src/obstacle_avoidance' with build type 'ament_python'
[1.714s] Level 1:colcon.colcon_core.shell:create_environment_hook('obstacle_avoidance', 'ament_prefix_path')
[1.727s] INFO:colcon.colcon_core.plugin_system:Skipping extension 'colcon_core.shell.bat': Not used on non-Windows systems
[1.728s] INFO:colcon.colcon_core.shell:Creating environment hook '/home/adamrustom/ros2_ws/src/obstacle_avoidance/install/obstacle_avoidance/share/obstacle_avoidance/hook/ament_prefix_path.ps1'
[1.731s] INFO:colcon.colcon_core.shell:Creating environment descriptor '/home/adamrustom/ros2_ws/src/obstacle_avoidance/install/obstacle_avoidance/share/obstacle_avoidance/hook/ament_prefix_path.dsv'
[1.733s] INFO:colcon.colcon_core.shell:Creating environment hook '/home/adamrustom/ros2_ws/src/obstacle_avoidance/install/obstacle_avoidance/share/obstacle_avoidance/hook/ament_prefix_path.sh'
[1.735s] INFO:colcon.colcon_core.shell:Skip shell extension 'powershell' for command environment: Not usable outside of PowerShell
[1.735s] DEBUG:colcon.colcon_core.shell:Skip shell extension 'dsv' for command environment
[2.263s] INFO:colcon.colcon_core.task.python.build:Building Python package in '/home/adamrustom/ros2_ws/src/obstacle_avoidance'
[2.264s] INFO:colcon.colcon_core.shell:Skip shell extension 'powershell' for command environment: Not usable outside of PowerShell
[2.264s] DEBUG:colcon.colcon_core.shell:Skip shell extension 'dsv' for command environment
[4.639s] DEBUG:colcon.colcon_core.event_handler.log_command:Invoking command in '/home/adamrustom/ros2_ws/src/obstacle_avoidance': DEBUGINFOD_URLS=https://debuginfod.ubuntu.com PYTHONPATH=/home/adamrustom/ros2_ws/src/obstacle_avoidance/build/obstacle_avoidance/prefix_override:/usr/lib/python3/dist-packages/colcon_core/task/python/colcon_distutils_commands:/home/adamrustom/ros2_ws/src/obstacle_avoidance/install/obstacle_avoidance/lib/python3.12/site-packages:${PYTHONPATH} VIRTUAL_ENV_PROMPT=(venv-ardupilot) /usr/bin/python3 -W ignore:setup.py install is deprecated -W ignore:easy_install command is deprecated setup.py egg_info --egg-base build/obstacle_avoidance build --build-base /home/adamrustom/ros2_ws/src/obstacle_avoidance/build/obstacle_avoidance/build install --record /home/adamrustom/ros2_ws/src/obstacle_avoidance/build/obstacle_avoidance/install.log --single-version-externally-managed install_data
[5.999s] DEBUG:colcon.colcon_core.event_handler.log_command:Invoked command in '/home/adamrustom/ros2_ws/src/obstacle_avoidance' returned '0': DEBUGINFOD_URLS=https://debuginfod.ubuntu.com PYTHONPATH=/home/adamrustom/ros2_ws/src/obstacle_avoidance/build/obstacle_avoidance/prefix_override:/usr/lib/python3/dist-packages/colcon_core/task/python/colcon_distutils_commands:/home/adamrustom/ros2_ws/src/obstacle_avoidance/install/obstacle_avoidance/lib/python3.12/site-packages:${PYTHONPATH} VIRTUAL_ENV_PROMPT=(venv-ardupilot) /usr/bin/python3 -W ignore:setup.py install is deprecated -W ignore:easy_install command is deprecated setup.py egg_info --egg-base build/obstacle_avoidance build --build-base /home/adamrustom/ros2_ws/src/obstacle_avoidance/build/obstacle_avoidance/build install --record /home/adamrustom/ros2_ws/src/obstacle_avoidance/build/obstacle_avoidance/install.log --single-version-externally-managed install_data
[6.018s] Level 1:colcon.colcon_core.environment:checking '/home/adamrustom/ros2_ws/src/obstacle_avoidance/install/obstacle_avoidance' for CMake module files
[6.021s] Level 1:colcon.colcon_core.environment:checking '/home/adamrustom/ros2_ws/src/obstacle_avoidance/install/obstacle_avoidance' for CMake config files
[6.031s] Level 1:colcon.colcon_core.environment:checking '/home/adamrustom/ros2_ws/src/obstacle_avoidance/install/obstacle_avoidance/lib'
[6.031s] Level 1:colcon.colcon_core.environment:checking '/home/adamrustom/ros2_ws/src/obstacle_avoidance/install/obstacle_avoidance/bin'
[6.031s] Level 1:colcon.colcon_core.environment:checking '/home/adamrustom/ros2_ws/src/obstacle_avoidance/install/obstacle_avoidance/lib/pkgconfig/obstacle_avoidance.pc'
[6.032s] Level 1:colcon.colcon_core.environment:checking '/home/adamrustom/ros2_ws/src/obstacle_avoidance/install/obstacle_avoidance/lib/python3.12/site-packages'
[6.032s] Level 1:colcon.colcon_core.shell:create_environment_hook('obstacle_avoidance', 'pythonpath')
[6.033s] INFO:colcon.colcon_core.shell:Creating environment hook '/home/adamrustom/ros2_ws/src/obstacle_avoidance/install/obstacle_avoidance/share/obstacle_avoidance/hook/pythonpath.ps1'
[6.034s] INFO:colcon.colcon_core.shell:Creating environment descriptor '/home/adamrustom/ros2_ws/src/obstacle_avoidance/install/obstacle_avoidance/share/obstacle_avoidance/hook/pythonpath.dsv'
[6.034s] INFO:colcon.colcon_core.shell:Creating environment hook '/home/adamrustom/ros2_ws/src/obstacle_avoidance/install/obstacle_avoidance/share/obstacle_avoidance/hook/pythonpath.sh'
[6.036s] Level 1:colcon.colcon_core.environment:checking '/home/adamrustom/ros2_ws/src/obstacle_avoidance/install/obstacle_avoidance/bin'
[6.036s] Level 1:colcon.colcon_core.environment:create_environment_scripts_only(obstacle_avoidance)
[6.036s] INFO:colcon.colcon_core.shell:Creating package script '/home/adamrustom/ros2_ws/src/obstacle_avoidance/install/obstacle_avoidance/share/obstacle_avoidance/package.ps1'
[6.039s] INFO:colcon.colcon_core.shell:Creating package descriptor '/home/adamrustom/ros2_ws/src/obstacle_avoidance/install/obstacle_avoidance/share/obstacle_avoidance/package.dsv'
[6.041s] INFO:colcon.colcon_core.shell:Creating package script '/home/adamrustom/ros2_ws/src/obstacle_avoidance/install/obstacle_avoidance/share/obstacle_avoidance/package.sh'
[6.044s] INFO:colcon.colcon_core.shell:Creating package script '/home/adamrustom/ros2_ws/src/obstacle_avoidance/install/obstacle_avoidance/share/obstacle_avoidance/package.bash'
[6.046s] INFO:colcon.colcon_core.shell:Creating package script '/home/adamrustom/ros2_ws/src/obstacle_avoidance/install/obstacle_avoidance/share/obstacle_avoidance/package.zsh'
[6.049s] Level 1:colcon.colcon_core.environment:create_file_with_runtime_dependencies(/home/adamrustom/ros2_ws/src/obstacle_avoidance/install/obstacle_avoidance/share/colcon-core/packages/obstacle_avoidance)
[6.050s] DEBUG:colcon.colcon_parallel_executor.executor.parallel:closing loop
[6.052s] DEBUG:colcon.colcon_parallel_executor.executor.parallel:loop closed
[6.053s] DEBUG:colcon.colcon_parallel_executor.executor.parallel:run_until_complete finished with '0'
[6.054s] DEBUG:colcon.colcon_core.event_reactor:joining thread
[6.158s] INFO:colcon.colcon_core.plugin_system:Skipping extension 'colcon_notification.desktop_notification.notify_send': Could not find 'notify-send'
[6.158s] INFO:colcon.colcon_core.plugin_system:Skipping extension 'colcon_notification.desktop_notification.terminal_notifier': Not used on non-Darwin systems
[6.158s] INFO:colcon.colcon_core.plugin_system:Skipping extension 'colcon_notification.desktop_notification.win32': Not used on non-Windows systems
[6.159s] INFO:colcon.colcon_notification.desktop_notification:Sending desktop notification using 'notify2'
[6.164s] DEBUG:colcon.colcon_notification.desktop_notification.notify2:Failed to initialize notify2: org.freedesktop.DBus.Error.ServiceUnknown: The name org.freedesktop.Notifications was not provided by any .service files
[6.164s] DEBUG:colcon.colcon_core.event_reactor:joined thread
[6.165s] INFO:colcon.colcon_core.shell:Creating prefix script '/home/adamrustom/ros2_ws/src/obstacle_avoidance/install/local_setup.ps1'
[6.168s] INFO:colcon.colcon_core.shell:Creating prefix util module '/home/adamrustom/ros2_ws/src/obstacle_avoidance/install/_local_setup_util_ps1.py'
[6.171s] INFO:colcon.colcon_core.shell:Creating prefix chain script '/home/adamrustom/ros2_ws/src/obstacle_avoidance/install/setup.ps1'
[6.174s] INFO:colcon.colcon_core.shell:Creating prefix script '/home/adamrustom/ros2_ws/src/obstacle_avoidance/install/local_setup.sh'
[6.176s] INFO:colcon.colcon_core.shell:Creating prefix util module '/home/adamrustom/ros2_ws/src/obstacle_avoidance/install/_local_setup_util_sh.py'
[6.177s] INFO:colcon.colcon_core.shell:Creating prefix chain script '/home/adamrustom/ros2_ws/src/obstacle_avoidance/install/setup.sh'
[6.180s] INFO:colcon.colcon_core.shell:Creating prefix script '/home/adamrustom/ros2_ws/src/obstacle_avoidance/install/local_setup.bash'
[6.182s] INFO:colcon.colcon_core.shell:Creating prefix chain script '/home/adamrustom/ros2_ws/src/obstacle_avoidance/install/setup.bash'
[6.185s] INFO:colcon.colcon_core.shell:Creating prefix script '/home/adamrustom/ros2_ws/src/obstacle_avoidance/install/local_setup.zsh'
[6.187s] INFO:colcon.colcon_core.shell:Creating prefix chain script '/home/adamrustom/ros2_ws/src/obstacle_avoidance/install/setup.zsh'
