[2.088s] Invoking command in '/home/adamrustom/ros2_ws/src/obstacle_avoidance': DEBUGINFOD_URLS=https://debuginfod.ubuntu.com PYTHONPATH=/home/adamrustom/ros2_ws/src/obstacle_avoidance/build/obstacle_avoidance/prefix_override:/usr/lib/python3/dist-packages/colcon_core/task/python/colcon_distutils_commands:/home/adamrustom/ros2_ws/src/obstacle_avoidance/install/obstacle_avoidance/lib/python3.12/site-packages:${PYTHONPATH} VIRTUAL_ENV_PROMPT=(venv-ardupilot) /usr/bin/python3 -W ignore:setup.py install is deprecated -W ignore:easy_install command is deprecated setup.py egg_info --egg-base build/obstacle_avoidance build --build-base /home/adamrustom/ros2_ws/src/obstacle_avoidance/build/obstacle_avoidance/build install --record /home/adamrustom/ros2_ws/src/obstacle_avoidance/build/obstacle_avoidance/install.log --single-version-externally-managed install_data
[2.732s] running egg_info
[2.789s] writing build/obstacle_avoidance/obstacle_avoidance.egg-info/PKG-INFO
[2.790s] writing dependency_links to build/obstacle_avoidance/obstacle_avoidance.egg-info/dependency_links.txt
[2.792s] writing entry points to build/obstacle_avoidance/obstacle_avoidance.egg-info/entry_points.txt
[2.792s] writing requirements to build/obstacle_avoidance/obstacle_avoidance.egg-info/requires.txt
[2.793s] writing top-level names to build/obstacle_avoidance/obstacle_avoidance.egg-info/top_level.txt
[2.907s] reading manifest file 'build/obstacle_avoidance/obstacle_avoidance.egg-info/SOURCES.txt'
[2.908s] adding license file 'LICENSE'
[2.910s] writing manifest file 'build/obstacle_avoidance/obstacle_avoidance.egg-info/SOURCES.txt'
[2.910s] running build
[2.911s] running build_py
[2.911s] running install
[2.927s] running install_lib
[2.977s] running install_data
[2.977s] running install_egg_info
[3.028s] removing '/home/adamrustom/ros2_ws/src/obstacle_avoidance/install/obstacle_avoidance/lib/python3.12/site-packages/obstacle_avoidance-0.0.1-py3.12.egg-info' (and everything under it)
[3.029s] Copying build/obstacle_avoidance/obstacle_avoidance.egg-info to /home/adamrustom/ros2_ws/src/obstacle_avoidance/install/obstacle_avoidance/lib/python3.12/site-packages/obstacle_avoidance-0.0.1-py3.12.egg-info
[3.032s] running install_scripts
[3.355s] Installing obstacle_movement script to /home/adamrustom/ros2_ws/src/obstacle_avoidance/install/obstacle_avoidance/lib/obstacle_avoidance
[3.356s] Installing remote_id_publisher script to /home/adamrustom/ros2_ws/src/obstacle_avoidance/install/obstacle_avoidance/lib/obstacle_avoidance
[3.356s] writing list of installed files to '/home/adamrustom/ros2_ws/src/obstacle_avoidance/build/obstacle_avoidance/install.log'
[3.444s] Invoked command in '/home/adamrustom/ros2_ws/src/obstacle_avoidance' returned '0': DEBUGINFOD_URLS=https://debuginfod.ubuntu.com PYTHONPATH=/home/adamrustom/ros2_ws/src/obstacle_avoidance/build/obstacle_avoidance/prefix_override:/usr/lib/python3/dist-packages/colcon_core/task/python/colcon_distutils_commands:/home/adamrustom/ros2_ws/src/obstacle_avoidance/install/obstacle_avoidance/lib/python3.12/site-packages:${PYTHONPATH} VIRTUAL_ENV_PROMPT=(venv-ardupilot) /usr/bin/python3 -W ignore:setup.py install is deprecated -W ignore:easy_install command is deprecated setup.py egg_info --egg-base build/obstacle_avoidance build --build-base /home/adamrustom/ros2_ws/src/obstacle_avoidance/build/obstacle_avoidance/build install --record /home/adamrustom/ros2_ws/src/obstacle_avoidance/build/obstacle_avoidance/install.log --single-version-externally-managed install_data
