[0.161s] DEBUG:colcon:Command line arguments: ['/usr/bin/colcon', 'build', '--packages-select', 'obstacle_avoidance']
[0.161s] DEBUG:colcon:Parsed command line arguments: Namespace(log_base=None, log_level=None, verb_name='build', build_base='build', install_base='install', merge_install=False, symlink_install=False, test_result_base=None, continue_on_error=False, executor='parallel', parallel_workers=16, event_handlers=None, ignore_user_meta=False, metas=['./colcon.meta'], base_paths=['.'], packages_ignore=None, packages_ignore_regex=None, paths=None, packages_up_to=None, packages_up_to_regex=None, packages_above=None, packages_above_and_dependencies=None, packages_above_depth=None, packages_select_by_dep=None, packages_skip_by_dep=None, packages_skip_up_to=None, packages_select_build_failed=False, packages_skip_build_finished=False, packages_select_test_failures=False, packages_skip_test_passed=False, packages_select=['obstacle_avoidance'], packages_skip=None, packages_select_regex=None, packages_skip_regex=None, packages_start=None, packages_end=None, allow_overriding=[], cmake_args=None, cmake_target=None, cmake_target_skip_unavailable=False, cmake_clean_cache=False, cmake_clean_first=False, cmake_force_configure=False, ament_cmake_args=None, catkin_cmake_args=None, catkin_skip_building_tests=False, mixin_files=None, mixin=None, verb_parser=<colcon_mixin.mixin.mixin_argument.MixinArgumentDecorator object at 0x7f4ea5154fe0>, verb_extension=<colcon_core.verb.build.BuildVerb object at 0x7f4ea52ad280>, main=<bound method BuildVerb.main of <colcon_core.verb.build.BuildVerb object at 0x7f4ea52ad280>>, mixin_verb=('build',))
[0.272s] Level 1:colcon.colcon_core.package_discovery:discover_packages(colcon_meta) check parameters
[0.272s] Level 1:colcon.colcon_core.package_discovery:discover_packages(recursive) check parameters
[0.272s] Level 1:colcon.colcon_core.package_discovery:discover_packages(ignore) check parameters
[0.272s] Level 1:colcon.colcon_core.package_discovery:discover_packages(path) check parameters
[0.272s] Level 1:colcon.colcon_core.package_discovery:discover_packages(colcon_meta) discover
[0.272s] Level 1:colcon.colcon_core.package_discovery:discover_packages(recursive) discover
[0.272s] INFO:colcon.colcon_core.package_discovery:Crawling recursively for packages in '/home/adamrustom/ros2_ws/src/obstacle_avoidance'
[0.273s] Level 1:colcon.colcon_core.package_identification:_identify(.) by extensions ['ignore', 'ignore_ament_install']
[0.273s] Level 1:colcon.colcon_core.package_identification:_identify(.) by extension 'ignore'
[0.273s] Level 1:colcon.colcon_core.package_identification:_identify(.) by extension 'ignore_ament_install'
[0.273s] Level 1:colcon.colcon_core.package_identification:_identify(.) by extensions ['colcon_pkg']
[0.273s] Level 1:colcon.colcon_core.package_identification:_identify(.) by extension 'colcon_pkg'
[0.273s] Level 1:colcon.colcon_core.package_identification:_identify(.) by extensions ['colcon_meta']
[0.273s] Level 1:colcon.colcon_core.package_identification:_identify(.) by extension 'colcon_meta'
[0.273s] Level 1:colcon.colcon_core.package_identification:_identify(.) by extensions ['ros']
[0.273s] Level 1:colcon.colcon_core.package_identification:_identify(.) by extension 'ros'
[0.316s] DEBUG:colcon.colcon_core.package_identification:Package '.' with type 'ros.ament_python' and name 'obstacle_avoidance'
[0.316s] Level 1:colcon.colcon_core.package_discovery:discover_packages(recursive) using defaults
[0.316s] Level 1:colcon.colcon_core.package_discovery:discover_packages(ignore) discover
[0.316s] Level 1:colcon.colcon_core.package_discovery:discover_packages(ignore) using defaults
[0.316s] Level 1:colcon.colcon_core.package_discovery:discover_packages(path) discover
[0.316s] Level 1:colcon.colcon_core.package_discovery:discover_packages(path) using defaults
[0.355s] Level 1:colcon.colcon_core.package_discovery:discover_packages(prefix_path) check parameters
[0.355s] Level 1:colcon.colcon_core.package_discovery:discover_packages(prefix_path) discover
[0.360s] DEBUG:colcon.colcon_installed_package_information.package_discovery:Found 1 installed packages in /home/adamrustom/ros2_ws/src/obstacle_avoidance/install
[0.361s] DEBUG:colcon.colcon_installed_package_information.package_discovery:Found 284 installed packages in /opt/ros/rolling
[0.362s] Level 1:colcon.colcon_core.package_discovery:discover_packages(prefix_path) using defaults
[0.400s] Level 5:colcon.colcon_core.verb:set package 'obstacle_avoidance' build argument 'cmake_args' from command line to 'None'
[0.400s] Level 5:colcon.colcon_core.verb:set package 'obstacle_avoidance' build argument 'cmake_target' from command line to 'None'
[0.400s] Level 5:colcon.colcon_core.verb:set package 'obstacle_avoidance' build argument 'cmake_target_skip_unavailable' from command line to 'False'
[0.400s] Level 5:colcon.colcon_core.verb:set package 'obstacle_avoidance' build argument 'cmake_clean_cache' from command line to 'False'
[0.400s] Level 5:colcon.colcon_core.verb:set package 'obstacle_avoidance' build argument 'cmake_clean_first' from command line to 'False'
[0.400s] Level 5:colcon.colcon_core.verb:set package 'obstacle_avoidance' build argument 'cmake_force_configure' from command line to 'False'
[0.400s] Level 5:colcon.colcon_core.verb:set package 'obstacle_avoidance' build argument 'ament_cmake_args' from command line to 'None'
[0.400s] Level 5:colcon.colcon_core.verb:set package 'obstacle_avoidance' build argument 'catkin_cmake_args' from command line to 'None'
[0.400s] Level 5:colcon.colcon_core.verb:set package 'obstacle_avoidance' build argument 'catkin_skip_building_tests' from command line to 'False'
[0.400s] DEBUG:colcon.colcon_core.verb:Building package 'obstacle_avoidance' with the following arguments: {'ament_cmake_args': None, 'build_base': '/home/adamrustom/ros2_ws/src/obstacle_avoidance/build/obstacle_avoidance', 'catkin_cmake_args': None, 'catkin_skip_building_tests': False, 'cmake_args': None, 'cmake_clean_cache': False, 'cmake_clean_first': False, 'cmake_force_configure': False, 'cmake_target': None, 'cmake_target_skip_unavailable': False, 'install_base': '/home/adamrustom/ros2_ws/src/obstacle_avoidance/install/obstacle_avoidance', 'merge_install': False, 'path': '/home/adamrustom/ros2_ws/src/obstacle_avoidance', 'symlink_install': False, 'test_result_base': None}
[0.400s] INFO:colcon.colcon_core.executor:Executing jobs using 'parallel' executor
[0.402s] DEBUG:colcon.colcon_parallel_executor.executor.parallel:run_until_complete
[0.402s] INFO:colcon.colcon_ros.task.ament_python.build:Building ROS package in '/home/adamrustom/ros2_ws/src/obstacle_avoidance' with build type 'ament_python'
[0.403s] Level 1:colcon.colcon_core.shell:create_environment_hook('obstacle_avoidance', 'ament_prefix_path')
[0.412s] INFO:colcon.colcon_core.plugin_system:Skipping extension 'colcon_core.shell.bat': Not used on non-Windows systems
[0.412s] INFO:colcon.colcon_core.shell:Creating environment hook '/home/adamrustom/ros2_ws/src/obstacle_avoidance/install/obstacle_avoidance/share/obstacle_avoidance/hook/ament_prefix_path.ps1'
[0.414s] INFO:colcon.colcon_core.shell:Creating environment descriptor '/home/adamrustom/ros2_ws/src/obstacle_avoidance/install/obstacle_avoidance/share/obstacle_avoidance/hook/ament_prefix_path.dsv'
[0.415s] INFO:colcon.colcon_core.shell:Creating environment hook '/home/adamrustom/ros2_ws/src/obstacle_avoidance/install/obstacle_avoidance/share/obstacle_avoidance/hook/ament_prefix_path.sh'
[0.416s] INFO:colcon.colcon_core.shell:Skip shell extension 'powershell' for command environment: Not usable outside of PowerShell
[0.417s] DEBUG:colcon.colcon_core.shell:Skip shell extension 'dsv' for command environment
[0.633s] INFO:colcon.colcon_core.task.python.build:Building Python package in '/home/adamrustom/ros2_ws/src/obstacle_avoidance'
[0.633s] INFO:colcon.colcon_core.shell:Skip shell extension 'powershell' for command environment: Not usable outside of PowerShell
[0.633s] DEBUG:colcon.colcon_core.shell:Skip shell extension 'dsv' for command environment
[1.661s] DEBUG:colcon.colcon_core.event_handler.log_command:Invoking command in '/home/adamrustom/ros2_ws/src/obstacle_avoidance': DEBUGINFOD_URLS=https://debuginfod.ubuntu.com PYTHONPATH=/home/adamrustom/ros2_ws/src/obstacle_avoidance/build/obstacle_avoidance/prefix_override:/usr/lib/python3/dist-packages/colcon_core/task/python/colcon_distutils_commands:/home/adamrustom/ros2_ws/src/obstacle_avoidance/install/obstacle_avoidance/lib/python3.12/site-packages:${PYTHONPATH} VIRTUAL_ENV_PROMPT=(venv-ardupilot) /usr/bin/python3 -W ignore:setup.py install is deprecated -W ignore:easy_install command is deprecated setup.py egg_info --egg-base build/obstacle_avoidance build --build-base /home/adamrustom/ros2_ws/src/obstacle_avoidance/build/obstacle_avoidance/build install --record /home/adamrustom/ros2_ws/src/obstacle_avoidance/build/obstacle_avoidance/install.log --single-version-externally-managed install_data
[2.173s] DEBUG:colcon.colcon_core.event_handler.log_command:Invoked command in '/home/adamrustom/ros2_ws/src/obstacle_avoidance' returned '0': DEBUGINFOD_URLS=https://debuginfod.ubuntu.com PYTHONPATH=/home/adamrustom/ros2_ws/src/obstacle_avoidance/build/obstacle_avoidance/prefix_override:/usr/lib/python3/dist-packages/colcon_core/task/python/colcon_distutils_commands:/home/adamrustom/ros2_ws/src/obstacle_avoidance/install/obstacle_avoidance/lib/python3.12/site-packages:${PYTHONPATH} VIRTUAL_ENV_PROMPT=(venv-ardupilot) /usr/bin/python3 -W ignore:setup.py install is deprecated -W ignore:easy_install command is deprecated setup.py egg_info --egg-base build/obstacle_avoidance build --build-base /home/adamrustom/ros2_ws/src/obstacle_avoidance/build/obstacle_avoidance/build install --record /home/adamrustom/ros2_ws/src/obstacle_avoidance/build/obstacle_avoidance/install.log --single-version-externally-managed install_data
[2.182s] Level 1:colcon.colcon_core.environment:checking '/home/adamrustom/ros2_ws/src/obstacle_avoidance/install/obstacle_avoidance' for CMake module files
[2.182s] Level 1:colcon.colcon_core.environment:checking '/home/adamrustom/ros2_ws/src/obstacle_avoidance/install/obstacle_avoidance' for CMake config files
[2.183s] Level 1:colcon.colcon_core.environment:checking '/home/adamrustom/ros2_ws/src/obstacle_avoidance/install/obstacle_avoidance/lib'
[2.183s] Level 1:colcon.colcon_core.environment:checking '/home/adamrustom/ros2_ws/src/obstacle_avoidance/install/obstacle_avoidance/bin'
[2.183s] Level 1:colcon.colcon_core.environment:checking '/home/adamrustom/ros2_ws/src/obstacle_avoidance/install/obstacle_avoidance/lib/pkgconfig/obstacle_avoidance.pc'
[2.184s] Level 1:colcon.colcon_core.environment:checking '/home/adamrustom/ros2_ws/src/obstacle_avoidance/install/obstacle_avoidance/lib/python3.12/site-packages'
[2.184s] Level 1:colcon.colcon_core.shell:create_environment_hook('obstacle_avoidance', 'pythonpath')
[2.184s] INFO:colcon.colcon_core.shell:Creating environment hook '/home/adamrustom/ros2_ws/src/obstacle_avoidance/install/obstacle_avoidance/share/obstacle_avoidance/hook/pythonpath.ps1'
[2.185s] INFO:colcon.colcon_core.shell:Creating environment descriptor '/home/adamrustom/ros2_ws/src/obstacle_avoidance/install/obstacle_avoidance/share/obstacle_avoidance/hook/pythonpath.dsv'
[2.185s] INFO:colcon.colcon_core.shell:Creating environment hook '/home/adamrustom/ros2_ws/src/obstacle_avoidance/install/obstacle_avoidance/share/obstacle_avoidance/hook/pythonpath.sh'
[2.186s] Level 1:colcon.colcon_core.environment:checking '/home/adamrustom/ros2_ws/src/obstacle_avoidance/install/obstacle_avoidance/bin'
[2.186s] Level 1:colcon.colcon_core.environment:create_environment_scripts_only(obstacle_avoidance)
[2.186s] INFO:colcon.colcon_core.shell:Creating package script '/home/adamrustom/ros2_ws/src/obstacle_avoidance/install/obstacle_avoidance/share/obstacle_avoidance/package.ps1'
[2.188s] INFO:colcon.colcon_core.shell:Creating package descriptor '/home/adamrustom/ros2_ws/src/obstacle_avoidance/install/obstacle_avoidance/share/obstacle_avoidance/package.dsv'
[2.190s] INFO:colcon.colcon_core.shell:Creating package script '/home/adamrustom/ros2_ws/src/obstacle_avoidance/install/obstacle_avoidance/share/obstacle_avoidance/package.sh'
[2.191s] INFO:colcon.colcon_core.shell:Creating package script '/home/adamrustom/ros2_ws/src/obstacle_avoidance/install/obstacle_avoidance/share/obstacle_avoidance/package.bash'
[2.193s] INFO:colcon.colcon_core.shell:Creating package script '/home/adamrustom/ros2_ws/src/obstacle_avoidance/install/obstacle_avoidance/share/obstacle_avoidance/package.zsh'
[2.194s] Level 1:colcon.colcon_core.environment:create_file_with_runtime_dependencies(/home/adamrustom/ros2_ws/src/obstacle_avoidance/install/obstacle_avoidance/share/colcon-core/packages/obstacle_avoidance)
[2.194s] DEBUG:colcon.colcon_parallel_executor.executor.parallel:closing loop
[2.194s] DEBUG:colcon.colcon_parallel_executor.executor.parallel:loop closed
[2.195s] DEBUG:colcon.colcon_parallel_executor.executor.parallel:run_until_complete finished with '0'
[2.195s] DEBUG:colcon.colcon_core.event_reactor:joining thread
[2.246s] INFO:colcon.colcon_core.plugin_system:Skipping extension 'colcon_notification.desktop_notification.notify_send': Could not find 'notify-send'
[2.246s] INFO:colcon.colcon_core.plugin_system:Skipping extension 'colcon_notification.desktop_notification.terminal_notifier': Not used on non-Darwin systems
[2.247s] INFO:colcon.colcon_core.plugin_system:Skipping extension 'colcon_notification.desktop_notification.win32': Not used on non-Windows systems
[2.247s] INFO:colcon.colcon_notification.desktop_notification:Sending desktop notification using 'notify2'
[2.255s] DEBUG:colcon.colcon_notification.desktop_notification.notify2:Failed to initialize notify2: org.freedesktop.DBus.Error.ServiceUnknown: The name org.freedesktop.Notifications was not provided by any .service files
[2.255s] DEBUG:colcon.colcon_core.event_reactor:joined thread
[2.255s] INFO:colcon.colcon_core.shell:Creating prefix script '/home/adamrustom/ros2_ws/src/obstacle_avoidance/install/local_setup.ps1'
[2.258s] INFO:colcon.colcon_core.shell:Creating prefix util module '/home/adamrustom/ros2_ws/src/obstacle_avoidance/install/_local_setup_util_ps1.py'
[2.259s] INFO:colcon.colcon_core.shell:Creating prefix chain script '/home/adamrustom/ros2_ws/src/obstacle_avoidance/install/setup.ps1'
[2.261s] INFO:colcon.colcon_core.shell:Creating prefix script '/home/adamrustom/ros2_ws/src/obstacle_avoidance/install/local_setup.sh'
[2.262s] INFO:colcon.colcon_core.shell:Creating prefix util module '/home/adamrustom/ros2_ws/src/obstacle_avoidance/install/_local_setup_util_sh.py'
[2.262s] INFO:colcon.colcon_core.shell:Creating prefix chain script '/home/adamrustom/ros2_ws/src/obstacle_avoidance/install/setup.sh'
[2.264s] INFO:colcon.colcon_core.shell:Creating prefix script '/home/adamrustom/ros2_ws/src/obstacle_avoidance/install/local_setup.bash'
[2.265s] INFO:colcon.colcon_core.shell:Creating prefix chain script '/home/adamrustom/ros2_ws/src/obstacle_avoidance/install/setup.bash'
[2.267s] INFO:colcon.colcon_core.shell:Creating prefix script '/home/adamrustom/ros2_ws/src/obstacle_avoidance/install/local_setup.zsh'
[2.268s] INFO:colcon.colcon_core.shell:Creating prefix chain script '/home/adamrustom/ros2_ws/src/obstacle_avoidance/install/setup.zsh'
